# JRE version: OpenJDK Runtime Environment Temurin-17.0.10+7 (17.0.10+7) (build 17.0.10+7)
# Java VM: OpenJDK 64-Bit Server VM Temurin-17.0.10+7 (17.0.10+7, mixed mode, tiered, compressed oops, compressed class ptrs, parallel gc, windows-amd64)
GC Precious Log:
 CPUs: 8 total, 8 available
 Memory: 65477M
 Large Page Support: Disabled
 NUMA Support: Disabled
 Compressed Oops: Enabled (32-bit)
 Alignments: Space 512K, Generation 512K, Heap 2M
 Heap Min Capacity: 100M
 Heap Initial Capacity: 100M
 Heap Max Capacity: 1G
 Pre-touch: Disabled
 Parallel Workers: 8
Heap:
 PSYoungGen      total 5120K, used 2803K [0x00000000eab00000, 0x00000000eb580000, 0x0000000100000000)
  eden space 4096K, 46% used [0x00000000eab00000,0x00000000eace0d28,0x00000000eaf00000)
  from space 1024K, 85% used [0x00000000eb480000,0x00000000eb55c030,0x00000000eb580000)
  to   space 2560K, 0% used [0x00000000eb080000,0x00000000eb080000,0x00000000eb300000)
 ParOldGen       total 119296K, used 112152K [0x00000000c0000000, 0x00000000c7480000, 0x00000000eab00000)
  object space 119296K, 94% used [0x00000000c0000000,0x00000000c6d860a8,0x00000000c7480000)
 Metaspace       used 76470K, committed 77824K, reserved 1179648K
  class space    used 8003K, committed 8576K, reserved 1048576K
GC Heap History (20 events):
Event: 12.855 GC heap before
{Heap before GC invocations=107 (full 6):
 PSYoungGen      total 5632K, used 5440K [0x00000000eab00000, 0x00000000eb300000, 0x0000000100000000)
  eden space 3072K, 100% used [0x00000000eab00000,0x00000000eae00000,0x00000000eae00000)
  from space 2560K, 92% used [0x00000000eae00000,0x00000000eb050230,0x00000000eb080000)
  to   space 2560K, 0% used [0x00000000eb080000,0x00000000eb080000,0x00000000eb300000)
 ParOldGen       total 119296K, used 99758K [0x00000000c0000000, 0x00000000c7480000, 0x00000000eab00000)
  object space 119296K, 83% used [0x00000000c0000000,0x00000000c616b8f0,0x00000000c7480000)
 Metaspace       used 75864K, committed 77248K, reserved 1179648K
  class space    used 7949K, committed 8512K, reserved 1048576K
}
Event: 12.856 GC heap after
{Heap after GC invocations=107 (full 6):
 PSYoungGen      total 6144K, used 1346K [0x00000000eab00000, 0x00000000eb300000, 0x0000000100000000)
  eden space 3584K, 0% used [0x00000000eab00000,0x00000000eab00000,0x00000000eae80000)
  from space 2560K, 52% used [0x00000000eb080000,0x00000000eb1d0828,0x00000000eb300000)
  to   space 2048K, 0% used [0x00000000eae80000,0x00000000eae80000,0x00000000eb080000)
 ParOldGen       total 119296K, used 99798K [0x00000000c0000000, 0x00000000c7480000, 0x00000000eab00000)
  object space 119296K, 83% used [0x00000000c0000000,0x00000000c61758f0,0x00000000c7480000)
 Metaspace       used 75864K, committed 77248K, reserved 1179648K
  class space    used 7949K, committed 8512K, reserved 1048576K
}
Event: 12.863 GC heap before
{Heap before GC invocations=108 (full 6):
 PSYoungGen      total 6144K, used 4930K [0x00000000eab00000, 0x00000000eb300000, 0x0000000100000000)
  eden space 3584K, 100% used [0x00000000eab00000,0x00000000eae80000,0x00000000eae80000)
  from space 2560K, 52% used [0x00000000eb080000,0x00000000eb1d0828,0x00000000eb300000)
  to   space 2048K, 0% used [0x00000000eae80000,0x00000000eae80000,0x00000000eb080000)
 ParOldGen       total 119296K, used 99798K [0x00000000c0000000, 0x00000000c7480000, 0x00000000eab00000)
  object space 119296K, 83% used [0x00000000c0000000,0x00000000c61758f0,0x00000000c7480000)
 Metaspace       used 75868K, committed 77248K, reserved 1179648K
  class space    used 7949K, committed 8512K, reserved 1048576K
}
Event: 12.865 GC heap after
{Heap after GC invocations=108 (full 6):
 PSYoungGen      total 5632K, used 2048K [0x00000000eab00000, 0x00000000eb980000, 0x0000000100000000)
  eden space 3584K, 0% used [0x00000000eab00000,0x00000000eab00000,0x00000000eae80000)
  from space 2048K, 100% used [0x00000000eae80000,0x00000000eb080000,0x00000000eb080000)
  to   space 5120K, 0% used [0x00000000eb480000,0x00000000eb480000,0x00000000eb980000)
 ParOldGen       total 119296K, used 102153K [0x00000000c0000000, 0x00000000c7480000, 0x00000000eab00000)
  object space 119296K, 85% used [0x00000000c0000000,0x00000000c63c25a8,0x00000000c7480000)
 Metaspace       used 75868K, committed 77248K, reserved 1179648K
  class space    used 7949K, committed 8512K, reserved 1048576K
}
Event: 12.871 GC heap before
{Heap before GC invocations=109 (full 6):
 PSYoungGen      total 5632K, used 5632K [0x00000000eab00000, 0x00000000eb980000, 0x0000000100000000)
  eden space 3584K, 100% used [0x00000000eab00000,0x00000000eae80000,0x00000000eae80000)
  from space 2048K, 100% used [0x00000000eae80000,0x00000000eb080000,0x00000000eb080000)
  to   space 5120K, 0% used [0x00000000eb480000,0x00000000eb480000,0x00000000eb980000)
 ParOldGen       total 119296K, used 102153K [0x00000000c0000000, 0x00000000c7480000, 0x00000000eab00000)
  object space 119296K, 85% used [0x00000000c0000000,0x00000000c63c25a8,0x00000000c7480000)
 Metaspace       used 75881K, committed 77248K, reserved 1179648K
  class space    used 7949K, committed 8512K, reserved 1048576K
}
Event: 12.874 GC heap after
{Heap after GC invocations=109 (full 6):
 PSYoungGen      total 8192K, used 3264K [0x00000000eab00000, 0x00000000eb800000, 0x0000000100000000)
  eden space 4608K, 0% used [0x00000000eab00000,0x00000000eab00000,0x00000000eaf80000)
  from space 3584K, 91% used [0x00000000eb480000,0x00000000eb7b0230,0x00000000eb800000)
  to   space 4096K, 0% used [0x00000000eb000000,0x00000000eb000000,0x00000000eb400000)
 ParOldGen       total 119296K, used 104057K [0x00000000c0000000, 0x00000000c7480000, 0x00000000eab00000)
  object space 119296K, 87% used [0x00000000c0000000,0x00000000c659e5a8,0x00000000c7480000)
 Metaspace       used 75881K, committed 77248K, reserved 1179648K
  class space    used 7949K, committed 8512K, reserved 1048576K
}
Event: 12.891 GC heap before
{Heap before GC invocations=110 (full 6):
 PSYoungGen      total 8192K, used 7872K [0x00000000eab00000, 0x00000000eb800000, 0x0000000100000000)
  eden space 4608K, 100% used [0x00000000eab00000,0x00000000eaf80000,0x00000000eaf80000)
  from space 3584K, 91% used [0x00000000eb480000,0x00000000eb7b0230,0x00000000eb800000)
  to   space 4096K, 0% used [0x00000000eb000000,0x00000000eb000000,0x00000000eb400000)
 ParOldGen       total 119296K, used 104057K [0x00000000c0000000, 0x00000000c7480000, 0x00000000eab00000)
  object space 119296K, 87% used [0x00000000c0000000,0x00000000c659e5a8,0x00000000c7480000)
 Metaspace       used 75895K, committed 77248K, reserved 1179648K
  class space    used 7949K, committed 8512K, reserved 1048576K
}
Event: 12.892 GC heap after
{Heap after GC invocations=110 (full 6):
 PSYoungGen      total 8704K, used 3682K [0x00000000eab00000, 0x00000000eb780000, 0x0000000100000000)
  eden space 4608K, 0% used [0x00000000eab00000,0x00000000eab00000,0x00000000eaf80000)
  from space 4096K, 89% used [0x00000000eb000000,0x00000000eb398828,0x00000000eb400000)
  to   space 3584K, 0% used [0x00000000eb400000,0x00000000eb400000,0x00000000eb780000)
 ParOldGen       total 119296K, used 104097K [0x00000000c0000000, 0x00000000c7480000, 0x00000000eab00000)
  object space 119296K, 87% used [0x00000000c0000000,0x00000000c65a85a8,0x00000000c7480000)
 Metaspace       used 75895K, committed 77248K, reserved 1179648K
  class space    used 7949K, committed 8512K, reserved 1048576K
}
Event: 12.902 GC heap before
{Heap before GC invocations=111 (full 6):
 PSYoungGen      total 8704K, used 8290K [0x00000000eab00000, 0x00000000eb780000, 0x0000000100000000)
  eden space 4608K, 100% used [0x00000000eab00000,0x00000000eaf80000,0x00000000eaf80000)
  from space 4096K, 89% used [0x00000000eb000000,0x00000000eb398828,0x00000000eb400000)
  to   space 3584K, 0% used [0x00000000eb400000,0x00000000eb400000,0x00000000eb780000)
 ParOldGen       total 119296K, used 104097K [0x00000000c0000000, 0x00000000c7480000, 0x00000000eab00000)
  object space 119296K, 87% used [0x00000000c0000000,0x00000000c65a85a8,0x00000000c7480000)
 Metaspace       used 75895K, committed 77248K, reserved 1179648K
  class space    used 7949K, committed 8512K, reserved 1048576K
}
Event: 12.903 GC heap after
{Heap after GC invocations=111 (full 6):
 PSYoungGen      total 8192K, used 3072K [0x00000000eab00000, 0x00000000eb780000, 0x0000000100000000)
  eden space 4608K, 0% used [0x00000000eab00000,0x00000000eab00000,0x00000000eaf80000)
  from space 3584K, 85% used [0x00000000eb400000,0x00000000eb700230,0x00000000eb780000)
  to   space 3584K, 0% used [0x00000000eb080000,0x00000000eb080000,0x00000000eb400000)
 ParOldGen       total 119296K, used 104864K [0x00000000c0000000, 0x00000000c7480000, 0x00000000eab00000)
  object space 119296K, 87% used [0x00000000c0000000,0x00000000c6668020,0x00000000c7480000)
 Metaspace       used 75895K, committed 77248K, reserved 1179648K
  class space    used 7949K, committed 8512K, reserved 1048576K
}
Event: 15.646 GC heap before
{Heap before GC invocations=112 (full 6):
 PSYoungGen      total 8192K, used 7672K [0x00000000eab00000, 0x00000000eb780000, 0x0000000100000000)
  eden space 4608K, 99% used [0x00000000eab00000,0x00000000eaf7e0c0,0x00000000eaf80000)
  from space 3584K, 85% used [0x00000000eb400000,0x00000000eb700230,0x00000000eb780000)
  to   space 3584K, 0% used [0x00000000eb080000,0x00000000eb080000,0x00000000eb400000)
 ParOldGen       total 119296K, used 104864K [0x00000000c0000000, 0x00000000c7480000, 0x00000000eab00000)
  object space 119296K, 87% used [0x00000000c0000000,0x00000000c6668020,0x00000000c7480000)
 Metaspace       used 76022K, committed 77312K, reserved 1179648K
  class space    used 7953K, committed 8512K, reserved 1048576K
}
Event: 15.647 GC heap after
{Heap after GC invocations=112 (full 6):
 PSYoungGen      total 5632K, used 800K [0x00000000eab00000, 0x00000000eb480000, 0x0000000100000000)
  eden space 4608K, 0% used [0x00000000eab00000,0x00000000eab00000,0x00000000eaf80000)
  from space 1024K, 78% used [0x00000000eb080000,0x00000000eb148020,0x00000000eb180000)
  to   space 2048K, 0% used [0x00000000eb280000,0x00000000eb280000,0x00000000eb480000)
 ParOldGen       total 119296K, used 104880K [0x00000000c0000000, 0x00000000c7480000, 0x00000000eab00000)
  object space 119296K, 87% used [0x00000000c0000000,0x00000000c666c020,0x00000000c7480000)
 Metaspace       used 76022K, committed 77312K, reserved 1179648K
  class space    used 7953K, committed 8512K, reserved 1048576K
}
Event: 15.734 GC heap before
{Heap before GC invocations=113 (full 6):
 PSYoungGen      total 5632K, used 5115K [0x00000000eab00000, 0x00000000eb480000, 0x0000000100000000)
  eden space 4608K, 93% used [0x00000000eab00000,0x00000000eaf36f98,0x00000000eaf80000)
  from space 1024K, 78% used [0x00000000eb080000,0x00000000eb148020,0x00000000eb180000)
  to   space 2048K, 0% used [0x00000000eb280000,0x00000000eb280000,0x00000000eb480000)
 ParOldGen       total 119296K, used 104880K [0x00000000c0000000, 0x00000000c7480000, 0x00000000eab00000)
  object space 119296K, 87% used [0x00000000c0000000,0x00000000c666c020,0x00000000c7480000)
 Metaspace       used 76123K, committed 77440K, reserved 1179648K
  class space    used 7964K, committed 8512K, reserved 1048576K
}
Event: 15.735 GC heap after
{Heap after GC invocations=113 (full 6):
 PSYoungGen      total 5120K, used 286K [0x00000000eab00000, 0x00000000eb300000, 0x0000000100000000)
  eden space 4608K, 0% used [0x00000000eab00000,0x00000000eab00000,0x00000000eaf80000)
  from space 512K, 55% used [0x00000000eb280000,0x00000000eb2c7ab0,0x00000000eb300000)
  to   space 1024K, 0% used [0x00000000eb100000,0x00000000eb100000,0x00000000eb200000)
 ParOldGen       total 119296K, used 105550K [0x00000000c0000000, 0x00000000c7480000, 0x00000000eab00000)
  object space 119296K, 88% used [0x00000000c0000000,0x00000000c67139d0,0x00000000c7480000)
 Metaspace       used 76123K, committed 77440K, reserved 1179648K
  class space    used 7964K, committed 8512K, reserved 1048576K
}
Event: 16.019 GC heap before
{Heap before GC invocations=114 (full 6):
 PSYoungGen      total 5120K, used 4894K [0x00000000eab00000, 0x00000000eb300000, 0x0000000100000000)
  eden space 4608K, 99% used [0x00000000eab00000,0x00000000eaf7fff8,0x00000000eaf80000)
  from space 512K, 55% used [0x00000000eb280000,0x00000000eb2c7ab0,0x00000000eb300000)
  to   space 1024K, 0% used [0x00000000eb100000,0x00000000eb100000,0x00000000eb200000)
 ParOldGen       total 119296K, used 105550K [0x00000000c0000000, 0x00000000c7480000, 0x00000000eab00000)
  object space 119296K, 88% used [0x00000000c0000000,0x00000000c67139d0,0x00000000c7480000)
 Metaspace       used 76144K, committed 77440K, reserved 1179648K
  class space    used 7964K, committed 8512K, reserved 1048576K
}
Event: 16.020 GC heap after
{Heap after GC invocations=114 (full 6):
 PSYoungGen      total 5632K, used 487K [0x00000000eab00000, 0x00000000eb300000, 0x0000000100000000)
  eden space 4608K, 0% used [0x00000000eab00000,0x00000000eab00000,0x00000000eaf80000)
  from space 1024K, 47% used [0x00000000eb100000,0x00000000eb179f28,0x00000000eb200000)
  to   space 1024K, 0% used [0x00000000eb200000,0x00000000eb200000,0x00000000eb300000)
 ParOldGen       total 119296K, used 105693K [0x00000000c0000000, 0x00000000c7480000, 0x00000000eab00000)
  object space 119296K, 88% used [0x00000000c0000000,0x00000000c6737460,0x00000000c7480000)
 Metaspace       used 76144K, committed 77440K, reserved 1179648K
  class space    used 7964K, committed 8512K, reserved 1048576K
}
Event: 16.214 GC heap before
{Heap before GC invocations=115 (full 6):
 PSYoungGen      total 5632K, used 5095K [0x00000000eab00000, 0x00000000eb300000, 0x0000000100000000)
  eden space 4608K, 100% used [0x00000000eab00000,0x00000000eaf80000,0x00000000eaf80000)
  from space 1024K, 47% used [0x00000000eb100000,0x00000000eb179f28,0x00000000eb200000)
  to   space 1024K, 0% used [0x00000000eb200000,0x00000000eb200000,0x00000000eb300000)
 ParOldGen       total 119296K, used 105693K [0x00000000c0000000, 0x00000000c7480000, 0x00000000eab00000)
  object space 119296K, 88% used [0x00000000c0000000,0x00000000c6737460,0x00000000c7480000)
 Metaspace       used 76182K, committed 77504K, reserved 1179648K
  class space    used 7964K, committed 8512K, reserved 1048576K
}
Event: 16.215 GC heap after
{Heap after GC invocations=115 (full 6):
 PSYoungGen      total 5120K, used 1020K [0x00000000eab00000, 0x00000000eb580000, 0x0000000100000000)
  eden space 4096K, 0% used [0x00000000eab00000,0x00000000eab00000,0x00000000eaf00000)
  from space 1024K, 99% used [0x00000000eb200000,0x00000000eb2ff2d0,0x00000000eb300000)
  to   space 3072K, 0% used [0x00000000eaf00000,0x00000000eaf00000,0x00000000eb200000)
 ParOldGen       total 119296K, used 107108K [0x00000000c0000000, 0x00000000c7480000, 0x00000000eab00000)
  object space 119296K, 89% used [0x00000000c0000000,0x00000000c6899398,0x00000000c7480000)
 Metaspace       used 76182K, committed 77504K, reserved 1179648K
  class space    used 7964K, committed 8512K, reserved 1048576K
}
Event: 16.221 GC heap before
{Heap before GC invocations=116 (full 6):
 PSYoungGen      total 5120K, used 5116K [0x00000000eab00000, 0x00000000eb580000, 0x0000000100000000)
  eden space 4096K, 100% used [0x00000000eab00000,0x00000000eaf00000,0x00000000eaf00000)
  from space 1024K, 99% used [0x00000000eb200000,0x00000000eb2ff2d0,0x00000000eb300000)
  to   space 3072K, 0% used [0x00000000eaf00000,0x00000000eaf00000,0x00000000eb200000)
 ParOldGen       total 119296K, used 107108K [0x00000000c0000000, 0x00000000c7480000, 0x00000000eab00000)
  object space 119296K, 89% used [0x00000000c0000000,0x00000000c6899398,0x00000000c7480000)
 Metaspace       used 76182K, committed 77504K, reserved 1179648K
  class space    used 7964K, committed 8512K, reserved 1048576K
}
Event: 16.222 GC heap after
{Heap after GC invocations=116 (full 6):
 PSYoungGen      total 7168K, used 3072K [0x00000000eab00000, 0x00000000eba00000, 0x0000000100000000)
  eden space 4096K, 0% used [0x00000000eab00000,0x00000000eab00000,0x00000000eaf00000)
  from space 3072K, 100% used [0x00000000eaf00000,0x00000000eb200000,0x00000000eb200000)
  to   space 5632K, 0% used [0x00000000eb480000,0x00000000eb480000,0x00000000eba00000)
 ParOldGen       total 119296K, used 109024K [0x00000000c0000000, 0x00000000c7480000, 0x00000000eab00000)
  object space 119296K, 91% used [0x00000000c0000000,0x00000000c6a780a8,0x00000000c7480000)
 Metaspace       used 76182K, committed 77504K, reserved 1179648K
  class space    used 7964K, committed 8512K, reserved 1048576K
}

